

Microchip MPLAB XC8 Assembler V2.41 build 20230208172133 
                                                                                               Mon Jun 19 21:28:28 2023

Microchip MPLAB XC8 C Compiler v2.41 (Free license) build 20230208172133 Og1 
     1                           	processor	16LF1936
     2                           	pagewidth 120
     3                           	opt	flic
     4                           	psect	cinit,global,class=CODE,merge=1,delta=2
     5                           	psect	cstackCOMMON,global,class=COMMON,space=1,delta=1,noexec
     6                           	psect	maintext,global,class=CODE,merge=1,split=1,delta=2
     7                           	psect	text1,local,class=CODE,merge=1,delta=2
     8                           	psect	text2,local,class=CODE,merge=1,delta=2
     9                           	psect	text3,local,class=CODE,merge=1,delta=2
    10                           	psect	text4,local,class=CODE,merge=1,delta=2
    11                           	psect	config,global,abs,ovrld,class=CONFIG,space=4,delta=2,noexec
    12                           	dabs	1,0x7E,2
    13     0000                     
    14                           ; Version 2.40
    15                           ; Generated 17/11/2021 GMT
    16                           ; 
    17                           ; Copyright © 2021, Microchip Technology Inc. and its subsidiaries ("Microchip")
    18                           ; All rights reserved.
    19                           ; 
    20                           ; This software is developed by Microchip Technology Inc. and its subsidiaries ("Microch
      +                          ip").
    21                           ; 
    22                           ; Redistribution and use in source and binary forms, with or without modification, are
    23                           ; permitted provided that the following conditions are met:
    24                           ; 
    25                           ;     1. Redistributions of source code must retain the above copyright notice, this lis
      +                          t of
    26                           ;        conditions and the following disclaimer.
    27                           ; 
    28                           ;     2. Redistributions in binary form must reproduce the above copyright notice, this 
      +                          list
    29                           ;        of conditions and the following disclaimer in the documentation and/or other
    30                           ;        materials provided with the distribution. Publication is not required when
    31                           ;        this file is used in an embedded application.
    32                           ; 
    33                           ;     3. Microchip's name may not be used to endorse or promote products derived from th
      +                          is
    34                           ;        software without specific prior written permission.
    35                           ; 
    36                           ; THIS SOFTWARE IS PROVIDED BY MICROCHIP "AS IS" AND ANY EXPRESS OR IMPLIED WARRANTIES,
    37                           ; INCLUDING, BUT NOT LIMITED TO, THE IMPLIED WARRANTIES OF MERCHANTABILITY AND FITNESS F
      +                          OR
    38                           ; PURPOSE ARE DISCLAIMED.  IN NO EVENT SHALL MICROCHIP BE LIABLE FOR ANY DIRECT, INDIREC
      +                          T,
    39                           ; INCIDENTAL, SPECIAL, EXEMPLARY, OR CONSEQUENTIAL DAMAGES (INCLUDING BUT NOT LIMITED TO
    40                           ; PROCUREMENT OF SUBSTITUTE GOODS OR SERVICES; LOSS OF USE, DATA OR PROFITS; OR BUSINESS
    41                           ; INTERRUPTION) HOWSOEVER CAUSED AND ON ANY THEORY OF LIABILITY, WHETHER IN CONTRACT, ST
      +                          RICT
    42                           ; LIABILITY, OR TORT (INCLUDING NEGLIGENCE OR OTHERWISE) ARISING IN ANY WAY OUT OF THE U
      +                          SE OF
    43                           ; THIS SOFTWARE, EVEN IF ADVISED OF THE POSSIBILITY OF SUCH DAMAGE.
    44                           ; 
    45                           ; 
    46                           ; Code-generator required, PIC16LF1936 Definitions
    47                           ; 
    48                           ; SFR Addresses
    49     0000                     	;# 
    50     0001                     	;# 
    51     0002                     	;# 
    52     0003                     	;# 
    53     0004                     	;# 
    54     0005                     	;# 
    55     0006                     	;# 
    56     0007                     	;# 
    57     0008                     	;# 
    58     0009                     	;# 
    59     000A                     	;# 
    60     000B                     	;# 
    61     000C                     	;# 
    62     000D                     	;# 
    63     000E                     	;# 
    64     0010                     	;# 
    65     0011                     	;# 
    66     0012                     	;# 
    67     0013                     	;# 
    68     0015                     	;# 
    69     0016                     	;# 
    70     0016                     	;# 
    71     0017                     	;# 
    72     0018                     	;# 
    73     0019                     	;# 
    74     001A                     	;# 
    75     001B                     	;# 
    76     001C                     	;# 
    77     001E                     	;# 
    78     001F                     	;# 
    79     008C                     	;# 
    80     008D                     	;# 
    81     008E                     	;# 
    82     0090                     	;# 
    83     0091                     	;# 
    84     0092                     	;# 
    85     0093                     	;# 
    86     0095                     	;# 
    87     0096                     	;# 
    88     0097                     	;# 
    89     0098                     	;# 
    90     0099                     	;# 
    91     009A                     	;# 
    92     009B                     	;# 
    93     009B                     	;# 
    94     009C                     	;# 
    95     009D                     	;# 
    96     009E                     	;# 
    97     010C                     	;# 
    98     010D                     	;# 
    99     010E                     	;# 
   100     0110                     	;# 
   101     0111                     	;# 
   102     0112                     	;# 
   103     0113                     	;# 
   104     0114                     	;# 
   105     0115                     	;# 
   106     0116                     	;# 
   107     0117                     	;# 
   108     0118                     	;# 
   109     0119                     	;# 
   110     011A                     	;# 
   111     011B                     	;# 
   112     011D                     	;# 
   113     018C                     	;# 
   114     018D                     	;# 
   115     0191                     	;# 
   116     0191                     	;# 
   117     0192                     	;# 
   118     0193                     	;# 
   119     0193                     	;# 
   120     0193                     	;# 
   121     0194                     	;# 
   122     0195                     	;# 
   123     0196                     	;# 
   124     0199                     	;# 
   125     019A                     	;# 
   126     019B                     	;# 
   127     019B                     	;# 
   128     019B                     	;# 
   129     019B                     	;# 
   130     019C                     	;# 
   131     019C                     	;# 
   132     019D                     	;# 
   133     019E                     	;# 
   134     019F                     	;# 
   135     020D                     	;# 
   136     0210                     	;# 
   137     0211                     	;# 
   138     0212                     	;# 
   139     0213                     	;# 
   140     0214                     	;# 
   141     0215                     	;# 
   142     0215                     	;# 
   143     0216                     	;# 
   144     0217                     	;# 
   145     0291                     	;# 
   146     0291                     	;# 
   147     0292                     	;# 
   148     0293                     	;# 
   149     0294                     	;# 
   150     0295                     	;# 
   151     0295                     	;# 
   152     0296                     	;# 
   153     0298                     	;# 
   154     0298                     	;# 
   155     0299                     	;# 
   156     029A                     	;# 
   157     029B                     	;# 
   158     029C                     	;# 
   159     029C                     	;# 
   160     029D                     	;# 
   161     029E                     	;# 
   162     029F                     	;# 
   163     0311                     	;# 
   164     0311                     	;# 
   165     0312                     	;# 
   166     0313                     	;# 
   167     0314                     	;# 
   168     0315                     	;# 
   169     0315                     	;# 
   170     0316                     	;# 
   171     0318                     	;# 
   172     0318                     	;# 
   173     0319                     	;# 
   174     031A                     	;# 
   175     031C                     	;# 
   176     031C                     	;# 
   177     031D                     	;# 
   178     031E                     	;# 
   179     0394                     	;# 
   180     0395                     	;# 
   181     0396                     	;# 
   182     0415                     	;# 
   183     0416                     	;# 
   184     0417                     	;# 
   185     041C                     	;# 
   186     041D                     	;# 
   187     041E                     	;# 
   188     0791                     	;# 
   189     0792                     	;# 
   190     0793                     	;# 
   191     0794                     	;# 
   192     0795                     	;# 
   193     0798                     	;# 
   194     0799                     	;# 
   195     07A0                     	;# 
   196     07A1                     	;# 
   197     07A3                     	;# 
   198     07A4                     	;# 
   199     07A6                     	;# 
   200     07A7                     	;# 
   201     07A9                     	;# 
   202     07AA                     	;# 
   203     0FE4                     	;# 
   204     0FE5                     	;# 
   205     0FE6                     	;# 
   206     0FE7                     	;# 
   207     0FE8                     	;# 
   208     0FE9                     	;# 
   209     0FEA                     	;# 
   210     0FEB                     	;# 
   211     0FED                     	;# 
   212     0FEE                     	;# 
   213     0FEF                     	;# 
   214     0000                     	;# 
   215     0001                     	;# 
   216     0002                     	;# 
   217     0003                     	;# 
   218     0004                     	;# 
   219     0005                     	;# 
   220     0006                     	;# 
   221     0007                     	;# 
   222     0008                     	;# 
   223     0009                     	;# 
   224     000A                     	;# 
   225     000B                     	;# 
   226     000C                     	;# 
   227     000D                     	;# 
   228     000E                     	;# 
   229     0010                     	;# 
   230     0011                     	;# 
   231     0012                     	;# 
   232     0013                     	;# 
   233     0015                     	;# 
   234     0016                     	;# 
   235     0016                     	;# 
   236     0017                     	;# 
   237     0018                     	;# 
   238     0019                     	;# 
   239     001A                     	;# 
   240     001B                     	;# 
   241     001C                     	;# 
   242     001E                     	;# 
   243     001F                     	;# 
   244     008C                     	;# 
   245     008D                     	;# 
   246     008E                     	;# 
   247     0090                     	;# 
   248     0091                     	;# 
   249     0092                     	;# 
   250     0093                     	;# 
   251     0095                     	;# 
   252     0096                     	;# 
   253     0097                     	;# 
   254     0098                     	;# 
   255     0099                     	;# 
   256     009A                     	;# 
   257     009B                     	;# 
   258     009B                     	;# 
   259     009C                     	;# 
   260     009D                     	;# 
   261     009E                     	;# 
   262     010C                     	;# 
   263     010D                     	;# 
   264     010E                     	;# 
   265     0110                     	;# 
   266     0111                     	;# 
   267     0112                     	;# 
   268     0113                     	;# 
   269     0114                     	;# 
   270     0115                     	;# 
   271     0116                     	;# 
   272     0117                     	;# 
   273     0118                     	;# 
   274     0119                     	;# 
   275     011A                     	;# 
   276     011B                     	;# 
   277     011D                     	;# 
   278     018C                     	;# 
   279     018D                     	;# 
   280     0191                     	;# 
   281     0191                     	;# 
   282     0192                     	;# 
   283     0193                     	;# 
   284     0193                     	;# 
   285     0193                     	;# 
   286     0194                     	;# 
   287     0195                     	;# 
   288     0196                     	;# 
   289     0199                     	;# 
   290     019A                     	;# 
   291     019B                     	;# 
   292     019B                     	;# 
   293     019B                     	;# 
   294     019B                     	;# 
   295     019C                     	;# 
   296     019C                     	;# 
   297     019D                     	;# 
   298     019E                     	;# 
   299     019F                     	;# 
   300     020D                     	;# 
   301     0210                     	;# 
   302     0211                     	;# 
   303     0212                     	;# 
   304     0213                     	;# 
   305     0214                     	;# 
   306     0215                     	;# 
   307     0215                     	;# 
   308     0216                     	;# 
   309     0217                     	;# 
   310     0291                     	;# 
   311     0291                     	;# 
   312     0292                     	;# 
   313     0293                     	;# 
   314     0294                     	;# 
   315     0295                     	;# 
   316     0295                     	;# 
   317     0296                     	;# 
   318     0298                     	;# 
   319     0298                     	;# 
   320     0299                     	;# 
   321     029A                     	;# 
   322     029B                     	;# 
   323     029C                     	;# 
   324     029C                     	;# 
   325     029D                     	;# 
   326     029E                     	;# 
   327     029F                     	;# 
   328     0311                     	;# 
   329     0311                     	;# 
   330     0312                     	;# 
   331     0313                     	;# 
   332     0314                     	;# 
   333     0315                     	;# 
   334     0315                     	;# 
   335     0316                     	;# 
   336     0318                     	;# 
   337     0318                     	;# 
   338     0319                     	;# 
   339     031A                     	;# 
   340     031C                     	;# 
   341     031C                     	;# 
   342     031D                     	;# 
   343     031E                     	;# 
   344     0394                     	;# 
   345     0395                     	;# 
   346     0396                     	;# 
   347     0415                     	;# 
   348     0416                     	;# 
   349     0417                     	;# 
   350     041C                     	;# 
   351     041D                     	;# 
   352     041E                     	;# 
   353     0791                     	;# 
   354     0792                     	;# 
   355     0793                     	;# 
   356     0794                     	;# 
   357     0795                     	;# 
   358     0798                     	;# 
   359     0799                     	;# 
   360     07A0                     	;# 
   361     07A1                     	;# 
   362     07A3                     	;# 
   363     07A4                     	;# 
   364     07A6                     	;# 
   365     07A7                     	;# 
   366     07A9                     	;# 
   367     07AA                     	;# 
   368     0FE4                     	;# 
   369     0FE5                     	;# 
   370     0FE6                     	;# 
   371     0FE7                     	;# 
   372     0FE8                     	;# 
   373     0FE9                     	;# 
   374     0FEA                     	;# 
   375     0FEB                     	;# 
   376     0FED                     	;# 
   377     0FEE                     	;# 
   378     0FEF                     	;# 
   379     0000                     	;# 
   380     0001                     	;# 
   381     0002                     	;# 
   382     0003                     	;# 
   383     0004                     	;# 
   384     0005                     	;# 
   385     0006                     	;# 
   386     0007                     	;# 
   387     0008                     	;# 
   388     0009                     	;# 
   389     000A                     	;# 
   390     000B                     	;# 
   391     000C                     	;# 
   392     000D                     	;# 
   393     000E                     	;# 
   394     0010                     	;# 
   395     0011                     	;# 
   396     0012                     	;# 
   397     0013                     	;# 
   398     0015                     	;# 
   399     0016                     	;# 
   400     0016                     	;# 
   401     0017                     	;# 
   402     0018                     	;# 
   403     0019                     	;# 
   404     001A                     	;# 
   405     001B                     	;# 
   406     001C                     	;# 
   407     001E                     	;# 
   408     001F                     	;# 
   409     008C                     	;# 
   410     008D                     	;# 
   411     008E                     	;# 
   412     0090                     	;# 
   413     0091                     	;# 
   414     0092                     	;# 
   415     0093                     	;# 
   416     0095                     	;# 
   417     0096                     	;# 
   418     0097                     	;# 
   419     0098                     	;# 
   420     0099                     	;# 
   421     009A                     	;# 
   422     009B                     	;# 
   423     009B                     	;# 
   424     009C                     	;# 
   425     009D                     	;# 
   426     009E                     	;# 
   427     010C                     	;# 
   428     010D                     	;# 
   429     010E                     	;# 
   430     0110                     	;# 
   431     0111                     	;# 
   432     0112                     	;# 
   433     0113                     	;# 
   434     0114                     	;# 
   435     0115                     	;# 
   436     0116                     	;# 
   437     0117                     	;# 
   438     0118                     	;# 
   439     0119                     	;# 
   440     011A                     	;# 
   441     011B                     	;# 
   442     011D                     	;# 
   443     018C                     	;# 
   444     018D                     	;# 
   445     0191                     	;# 
   446     0191                     	;# 
   447     0192                     	;# 
   448     0193                     	;# 
   449     0193                     	;# 
   450     0193                     	;# 
   451     0194                     	;# 
   452     0195                     	;# 
   453     0196                     	;# 
   454     0199                     	;# 
   455     019A                     	;# 
   456     019B                     	;# 
   457     019B                     	;# 
   458     019B                     	;# 
   459     019B                     	;# 
   460     019C                     	;# 
   461     019C                     	;# 
   462     019D                     	;# 
   463     019E                     	;# 
   464     019F                     	;# 
   465     020D                     	;# 
   466     0210                     	;# 
   467     0211                     	;# 
   468     0212                     	;# 
   469     0213                     	;# 
   470     0214                     	;# 
   471     0215                     	;# 
   472     0215                     	;# 
   473     0216                     	;# 
   474     0217                     	;# 
   475     0291                     	;# 
   476     0291                     	;# 
   477     0292                     	;# 
   478     0293                     	;# 
   479     0294                     	;# 
   480     0295                     	;# 
   481     0295                     	;# 
   482     0296                     	;# 
   483     0298                     	;# 
   484     0298                     	;# 
   485     0299                     	;# 
   486     029A                     	;# 
   487     029B                     	;# 
   488     029C                     	;# 
   489     029C                     	;# 
   490     029D                     	;# 
   491     029E                     	;# 
   492     029F                     	;# 
   493     0311                     	;# 
   494     0311                     	;# 
   495     0312                     	;# 
   496     0313                     	;# 
   497     0314                     	;# 
   498     0315                     	;# 
   499     0315                     	;# 
   500     0316                     	;# 
   501     0318                     	;# 
   502     0318                     	;# 
   503     0319                     	;# 
   504     031A                     	;# 
   505     031C                     	;# 
   506     031C                     	;# 
   507     031D                     	;# 
   508     031E                     	;# 
   509     0394                     	;# 
   510     0395                     	;# 
   511     0396                     	;# 
   512     0415                     	;# 
   513     0416                     	;# 
   514     0417                     	;# 
   515     041C                     	;# 
   516     041D                     	;# 
   517     041E                     	;# 
   518     0791                     	;# 
   519     0792                     	;# 
   520     0793                     	;# 
   521     0794                     	;# 
   522     0795                     	;# 
   523     0798                     	;# 
   524     0799                     	;# 
   525     07A0                     	;# 
   526     07A1                     	;# 
   527     07A3                     	;# 
   528     07A4                     	;# 
   529     07A6                     	;# 
   530     07A7                     	;# 
   531     07A9                     	;# 
   532     07AA                     	;# 
   533     0FE4                     	;# 
   534     0FE5                     	;# 
   535     0FE6                     	;# 
   536     0FE7                     	;# 
   537     0FE8                     	;# 
   538     0FE9                     	;# 
   539     0FEA                     	;# 
   540     0FEB                     	;# 
   541     0FED                     	;# 
   542     0FEE                     	;# 
   543     0FEF                     	;# 
   544     0000                     	;# 
   545     0001                     	;# 
   546     0002                     	;# 
   547     0003                     	;# 
   548     0004                     	;# 
   549     0005                     	;# 
   550     0006                     	;# 
   551     0007                     	;# 
   552     0008                     	;# 
   553     0009                     	;# 
   554     000A                     	;# 
   555     000B                     	;# 
   556     000C                     	;# 
   557     000D                     	;# 
   558     000E                     	;# 
   559     0010                     	;# 
   560     0011                     	;# 
   561     0012                     	;# 
   562     0013                     	;# 
   563     0015                     	;# 
   564     0016                     	;# 
   565     0016                     	;# 
   566     0017                     	;# 
   567     0018                     	;# 
   568     0019                     	;# 
   569     001A                     	;# 
   570     001B                     	;# 
   571     001C                     	;# 
   572     001E                     	;# 
   573     001F                     	;# 
   574     008C                     	;# 
   575     008D                     	;# 
   576     008E                     	;# 
   577     0090                     	;# 
   578     0091                     	;# 
   579     0092                     	;# 
   580     0093                     	;# 
   581     0095                     	;# 
   582     0096                     	;# 
   583     0097                     	;# 
   584     0098                     	;# 
   585     0099                     	;# 
   586     009A                     	;# 
   587     009B                     	;# 
   588     009B                     	;# 
   589     009C                     	;# 
   590     009D                     	;# 
   591     009E                     	;# 
   592     010C                     	;# 
   593     010D                     	;# 
   594     010E                     	;# 
   595     0110                     	;# 
   596     0111                     	;# 
   597     0112                     	;# 
   598     0113                     	;# 
   599     0114                     	;# 
   600     0115                     	;# 
   601     0116                     	;# 
   602     0117                     	;# 
   603     0118                     	;# 
   604     0119                     	;# 
   605     011A                     	;# 
   606     011B                     	;# 
   607     011D                     	;# 
   608     018C                     	;# 
   609     018D                     	;# 
   610     0191                     	;# 
   611     0191                     	;# 
   612     0192                     	;# 
   613     0193                     	;# 
   614     0193                     	;# 
   615     0193                     	;# 
   616     0194                     	;# 
   617     0195                     	;# 
   618     0196                     	;# 
   619     0199                     	;# 
   620     019A                     	;# 
   621     019B                     	;# 
   622     019B                     	;# 
   623     019B                     	;# 
   624     019B                     	;# 
   625     019C                     	;# 
   626     019C                     	;# 
   627     019D                     	;# 
   628     019E                     	;# 
   629     019F                     	;# 
   630     020D                     	;# 
   631     0210                     	;# 
   632     0211                     	;# 
   633     0212                     	;# 
   634     0213                     	;# 
   635     0214                     	;# 
   636     0215                     	;# 
   637     0215                     	;# 
   638     0216                     	;# 
   639     0217                     	;# 
   640     0291                     	;# 
   641     0291                     	;# 
   642     0292                     	;# 
   643     0293                     	;# 
   644     0294                     	;# 
   645     0295                     	;# 
   646     0295                     	;# 
   647     0296                     	;# 
   648     0298                     	;# 
   649     0298                     	;# 
   650     0299                     	;# 
   651     029A                     	;# 
   652     029B                     	;# 
   653     029C                     	;# 
   654     029C                     	;# 
   655     029D                     	;# 
   656     029E                     	;# 
   657     029F                     	;# 
   658     0311                     	;# 
   659     0311                     	;# 
   660     0312                     	;# 
   661     0313                     	;# 
   662     0314                     	;# 
   663     0315                     	;# 
   664     0315                     	;# 
   665     0316                     	;# 
   666     0318                     	;# 
   667     0318                     	;# 
   668     0319                     	;# 
   669     031A                     	;# 
   670     031C                     	;# 
   671     031C                     	;# 
   672     031D                     	;# 
   673     031E                     	;# 
   674     0394                     	;# 
   675     0395                     	;# 
   676     0396                     	;# 
   677     0415                     	;# 
   678     0416                     	;# 
   679     0417                     	;# 
   680     041C                     	;# 
   681     041D                     	;# 
   682     041E                     	;# 
   683     0791                     	;# 
   684     0792                     	;# 
   685     0793                     	;# 
   686     0794                     	;# 
   687     0795                     	;# 
   688     0798                     	;# 
   689     0799                     	;# 
   690     07A0                     	;# 
   691     07A1                     	;# 
   692     07A3                     	;# 
   693     07A4                     	;# 
   694     07A6                     	;# 
   695     07A7                     	;# 
   696     07A9                     	;# 
   697     07AA                     	;# 
   698     0FE4                     	;# 
   699     0FE5                     	;# 
   700     0FE6                     	;# 
   701     0FE7                     	;# 
   702     0FE8                     	;# 
   703     0FE9                     	;# 
   704     0FEA                     	;# 
   705     0FEB                     	;# 
   706     0FED                     	;# 
   707     0FEE                     	;# 
   708     0FEF                     	;# 
   709     0000                     	;# 
   710     0001                     	;# 
   711     0002                     	;# 
   712     0003                     	;# 
   713     0004                     	;# 
   714     0005                     	;# 
   715     0006                     	;# 
   716     0007                     	;# 
   717     0008                     	;# 
   718     0009                     	;# 
   719     000A                     	;# 
   720     000B                     	;# 
   721     000C                     	;# 
   722     000D                     	;# 
   723     000E                     	;# 
   724     0010                     	;# 
   725     0011                     	;# 
   726     0012                     	;# 
   727     0013                     	;# 
   728     0015                     	;# 
   729     0016                     	;# 
   730     0016                     	;# 
   731     0017                     	;# 
   732     0018                     	;# 
   733     0019                     	;# 
   734     001A                     	;# 
   735     001B                     	;# 
   736     001C                     	;# 
   737     001E                     	;# 
   738     001F                     	;# 
   739     008C                     	;# 
   740     008D                     	;# 
   741     008E                     	;# 
   742     0090                     	;# 
   743     0091                     	;# 
   744     0092                     	;# 
   745     0093                     	;# 
   746     0095                     	;# 
   747     0096                     	;# 
   748     0097                     	;# 
   749     0098                     	;# 
   750     0099                     	;# 
   751     009A                     	;# 
   752     009B                     	;# 
   753     009B                     	;# 
   754     009C                     	;# 
   755     009D                     	;# 
   756     009E                     	;# 
   757     010C                     	;# 
   758     010D                     	;# 
   759     010E                     	;# 
   760     0110                     	;# 
   761     0111                     	;# 
   762     0112                     	;# 
   763     0113                     	;# 
   764     0114                     	;# 
   765     0115                     	;# 
   766     0116                     	;# 
   767     0117                     	;# 
   768     0118                     	;# 
   769     0119                     	;# 
   770     011A                     	;# 
   771     011B                     	;# 
   772     011D                     	;# 
   773     018C                     	;# 
   774     018D                     	;# 
   775     0191                     	;# 
   776     0191                     	;# 
   777     0192                     	;# 
   778     0193                     	;# 
   779     0193                     	;# 
   780     0193                     	;# 
   781     0194                     	;# 
   782     0195                     	;# 
   783     0196                     	;# 
   784     0199                     	;# 
   785     019A                     	;# 
   786     019B                     	;# 
   787     019B                     	;# 
   788     019B                     	;# 
   789     019B                     	;# 
   790     019C                     	;# 
   791     019C                     	;# 
   792     019D                     	;# 
   793     019E                     	;# 
   794     019F                     	;# 
   795     020D                     	;# 
   796     0210                     	;# 
   797     0211                     	;# 
   798     0212                     	;# 
   799     0213                     	;# 
   800     0214                     	;# 
   801     0215                     	;# 
   802     0215                     	;# 
   803     0216                     	;# 
   804     0217                     	;# 
   805     0291                     	;# 
   806     0291                     	;# 
   807     0292                     	;# 
   808     0293                     	;# 
   809     0294                     	;# 
   810     0295                     	;# 
   811     0295                     	;# 
   812     0296                     	;# 
   813     0298                     	;# 
   814     0298                     	;# 
   815     0299                     	;# 
   816     029A                     	;# 
   817     029B                     	;# 
   818     029C                     	;# 
   819     029C                     	;# 
   820     029D                     	;# 
   821     029E                     	;# 
   822     029F                     	;# 
   823     0311                     	;# 
   824     0311                     	;# 
   825     0312                     	;# 
   826     0313                     	;# 
   827     0314                     	;# 
   828     0315                     	;# 
   829     0315                     	;# 
   830     0316                     	;# 
   831     0318                     	;# 
   832     0318                     	;# 
   833     0319                     	;# 
   834     031A                     	;# 
   835     031C                     	;# 
   836     031C                     	;# 
   837     031D                     	;# 
   838     031E                     	;# 
   839     0394                     	;# 
   840     0395                     	;# 
   841     0396                     	;# 
   842     0415                     	;# 
   843     0416                     	;# 
   844     0417                     	;# 
   845     041C                     	;# 
   846     041D                     	;# 
   847     041E                     	;# 
   848     0791                     	;# 
   849     0792                     	;# 
   850     0793                     	;# 
   851     0794                     	;# 
   852     0795                     	;# 
   853     0798                     	;# 
   854     0799                     	;# 
   855     07A0                     	;# 
   856     07A1                     	;# 
   857     07A3                     	;# 
   858     07A4                     	;# 
   859     07A6                     	;# 
   860     07A7                     	;# 
   861     07A9                     	;# 
   862     07AA                     	;# 
   863     0FE4                     	;# 
   864     0FE5                     	;# 
   865     0FE6                     	;# 
   866     0FE7                     	;# 
   867     0FE8                     	;# 
   868     0FE9                     	;# 
   869     0FEA                     	;# 
   870     0FEB                     	;# 
   871     0FED                     	;# 
   872     0FEE                     	;# 
   873     0FEF                     	;# 
   874     0000                     	;# 
   875     0001                     	;# 
   876     0002                     	;# 
   877     0003                     	;# 
   878     0004                     	;# 
   879     0005                     	;# 
   880     0006                     	;# 
   881     0007                     	;# 
   882     0008                     	;# 
   883     0009                     	;# 
   884     000A                     	;# 
   885     000B                     	;# 
   886     000C                     	;# 
   887     000D                     	;# 
   888     000E                     	;# 
   889     0010                     	;# 
   890     0011                     	;# 
   891     0012                     	;# 
   892     0013                     	;# 
   893     0015                     	;# 
   894     0016                     	;# 
   895     0016                     	;# 
   896     0017                     	;# 
   897     0018                     	;# 
   898     0019                     	;# 
   899     001A                     	;# 
   900     001B                     	;# 
   901     001C                     	;# 
   902     001E                     	;# 
   903     001F                     	;# 
   904     008C                     	;# 
   905     008D                     	;# 
   906     008E                     	;# 
   907     0090                     	;# 
   908     0091                     	;# 
   909     0092                     	;# 
   910     0093                     	;# 
   911     0095                     	;# 
   912     0096                     	;# 
   913     0097                     	;# 
   914     0098                     	;# 
   915     0099                     	;# 
   916     009A                     	;# 
   917     009B                     	;# 
   918     009B                     	;# 
   919     009C                     	;# 
   920     009D                     	;# 
   921     009E                     	;# 
   922     010C                     	;# 
   923     010D                     	;# 
   924     010E                     	;# 
   925     0110                     	;# 
   926     0111                     	;# 
   927     0112                     	;# 
   928     0113                     	;# 
   929     0114                     	;# 
   930     0115                     	;# 
   931     0116                     	;# 
   932     0117                     	;# 
   933     0118                     	;# 
   934     0119                     	;# 
   935     011A                     	;# 
   936     011B                     	;# 
   937     011D                     	;# 
   938     018C                     	;# 
   939     018D                     	;# 
   940     0191                     	;# 
   941     0191                     	;# 
   942     0192                     	;# 
   943     0193                     	;# 
   944     0193                     	;# 
   945     0193                     	;# 
   946     0194                     	;# 
   947     0195                     	;# 
   948     0196                     	;# 
   949     0199                     	;# 
   950     019A                     	;# 
   951     019B                     	;# 
   952     019B                     	;# 
   953     019B                     	;# 
   954     019B                     	;# 
   955     019C                     	;# 
   956     019C                     	;# 
   957     019D                     	;# 
   958     019E                     	;# 
   959     019F                     	;# 
   960     020D                     	;# 
   961     0210                     	;# 
   962     0211                     	;# 
   963     0212                     	;# 
   964     0213                     	;# 
   965     0214                     	;# 
   966     0215                     	;# 
   967     0215                     	;# 
   968     0216                     	;# 
   969     0217                     	;# 
   970     0291                     	;# 
   971     0291                     	;# 
   972     0292                     	;# 
   973     0293                     	;# 
   974     0294                     	;# 
   975     0295                     	;# 
   976     0295                     	;# 
   977     0296                     	;# 
   978     0298                     	;# 
   979     0298                     	;# 
   980     0299                     	;# 
   981     029A                     	;# 
   982     029B                     	;# 
   983     029C                     	;# 
   984     029C                     	;# 
   985     029D                     	;# 
   986     029E                     	;# 
   987     029F                     	;# 
   988     0311                     	;# 
   989     0311                     	;# 
   990     0312                     	;# 
   991     0313                     	;# 
   992     0314                     	;# 
   993     0315                     	;# 
   994     0315                     	;# 
   995     0316                     	;# 
   996     0318                     	;# 
   997     0318                     	;# 
   998     0319                     	;# 
   999     031A                     	;# 
  1000     031C                     	;# 
  1001     031C                     	;# 
  1002     031D                     	;# 
  1003     031E                     	;# 
  1004     0394                     	;# 
  1005     0395                     	;# 
  1006     0396                     	;# 
  1007     0415                     	;# 
  1008     0416                     	;# 
  1009     0417                     	;# 
  1010     041C                     	;# 
  1011     041D                     	;# 
  1012     041E                     	;# 
  1013     0791                     	;# 
  1014     0792                     	;# 
  1015     0793                     	;# 
  1016     0794                     	;# 
  1017     0795                     	;# 
  1018     0798                     	;# 
  1019     0799                     	;# 
  1020     07A0                     	;# 
  1021     07A1                     	;# 
  1022     07A3                     	;# 
  1023     07A4                     	;# 
  1024     07A6                     	;# 
  1025     07A7                     	;# 
  1026     07A9                     	;# 
  1027     07AA                     	;# 
  1028     0FE4                     	;# 
  1029     0FE5                     	;# 
  1030     0FE6                     	;# 
  1031     0FE7                     	;# 
  1032     0FE8                     	;# 
  1033     0FE9                     	;# 
  1034     0FEA                     	;# 
  1035     0FEB                     	;# 
  1036     0FED                     	;# 
  1037     0FEE                     	;# 
  1038     0FEF                     	;# 
  1039     0000                     	;# 
  1040     0001                     	;# 
  1041     0002                     	;# 
  1042     0003                     	;# 
  1043     0004                     	;# 
  1044     0005                     	;# 
  1045     0006                     	;# 
  1046     0007                     	;# 
  1047     0008                     	;# 
  1048     0009                     	;# 
  1049     000A                     	;# 
  1050     000B                     	;# 
  1051     000C                     	;# 
  1052     000D                     	;# 
  1053     000E                     	;# 
  1054     0010                     	;# 
  1055     0011                     	;# 
  1056     0012                     	;# 
  1057     0013                     	;# 
  1058     0015                     	;# 
  1059     0016                     	;# 
  1060     0016                     	;# 
  1061     0017                     	;# 
  1062     0018                     	;# 
  1063     0019                     	;# 
  1064     001A                     	;# 
  1065     001B                     	;# 
  1066     001C                     	;# 
  1067     001E                     	;# 
  1068     001F                     	;# 
  1069     008C                     	;# 
  1070     008D                     	;# 
  1071     008E                     	;# 
  1072     0090                     	;# 
  1073     0091                     	;# 
  1074     0092                     	;# 
  1075     0093                     	;# 
  1076     0095                     	;# 
  1077     0096                     	;# 
  1078     0097                     	;# 
  1079     0098                     	;# 
  1080     0099                     	;# 
  1081     009A                     	;# 
  1082     009B                     	;# 
  1083     009B                     	;# 
  1084     009C                     	;# 
  1085     009D                     	;# 
  1086     009E                     	;# 
  1087     010C                     	;# 
  1088     010D                     	;# 
  1089     010E                     	;# 
  1090     0110                     	;# 
  1091     0111                     	;# 
  1092     0112                     	;# 
  1093     0113                     	;# 
  1094     0114                     	;# 
  1095     0115                     	;# 
  1096     0116                     	;# 
  1097     0117                     	;# 
  1098     0118                     	;# 
  1099     0119                     	;# 
  1100     011A                     	;# 
  1101     011B                     	;# 
  1102     011D                     	;# 
  1103     018C                     	;# 
  1104     018D                     	;# 
  1105     0191                     	;# 
  1106     0191                     	;# 
  1107     0192                     	;# 
  1108     0193                     	;# 
  1109     0193                     	;# 
  1110     0193                     	;# 
  1111     0194                     	;# 
  1112     0195                     	;# 
  1113     0196                     	;# 
  1114     0199                     	;# 
  1115     019A                     	;# 
  1116     019B                     	;# 
  1117     019B                     	;# 
  1118     019B                     	;# 
  1119     019B                     	;# 
  1120     019C                     	;# 
  1121     019C                     	;# 
  1122     019D                     	;# 
  1123     019E                     	;# 
  1124     019F                     	;# 
  1125     020D                     	;# 
  1126     0210                     	;# 
  1127     0211                     	;# 
  1128     0212                     	;# 
  1129     0213                     	;# 
  1130     0214                     	;# 
  1131     0215                     	;# 
  1132     0215                     	;# 
  1133     0216                     	;# 
  1134     0217                     	;# 
  1135     0291                     	;# 
  1136     0291                     	;# 
  1137     0292                     	;# 
  1138     0293                     	;# 
  1139     0294                     	;# 
  1140     0295                     	;# 
  1141     0295                     	;# 
  1142     0296                     	;# 
  1143     0298                     	;# 
  1144     0298                     	;# 
  1145     0299                     	;# 
  1146     029A                     	;# 
  1147     029B                     	;# 
  1148     029C                     	;# 
  1149     029C                     	;# 
  1150     029D                     	;# 
  1151     029E                     	;# 
  1152     029F                     	;# 
  1153     0311                     	;# 
  1154     0311                     	;# 
  1155     0312                     	;# 
  1156     0313                     	;# 
  1157     0314                     	;# 
  1158     0315                     	;# 
  1159     0315                     	;# 
  1160     0316                     	;# 
  1161     0318                     	;# 
  1162     0318                     	;# 
  1163     0319                     	;# 
  1164     031A                     	;# 
  1165     031C                     	;# 
  1166     031C                     	;# 
  1167     031D                     	;# 
  1168     031E                     	;# 
  1169     0394                     	;# 
  1170     0395                     	;# 
  1171     0396                     	;# 
  1172     0415                     	;# 
  1173     0416                     	;# 
  1174     0417                     	;# 
  1175     041C                     	;# 
  1176     041D                     	;# 
  1177     041E                     	;# 
  1178     0791                     	;# 
  1179     0792                     	;# 
  1180     0793                     	;# 
  1181     0794                     	;# 
  1182     0795                     	;# 
  1183     0798                     	;# 
  1184     0799                     	;# 
  1185     07A0                     	;# 
  1186     07A1                     	;# 
  1187     07A3                     	;# 
  1188     07A4                     	;# 
  1189     07A6                     	;# 
  1190     07A7                     	;# 
  1191     07A9                     	;# 
  1192     07AA                     	;# 
  1193     0FE4                     	;# 
  1194     0FE5                     	;# 
  1195     0FE6                     	;# 
  1196     0FE7                     	;# 
  1197     0FE8                     	;# 
  1198     0FE9                     	;# 
  1199     0FEA                     	;# 
  1200     0FEB                     	;# 
  1201     0FED                     	;# 
  1202     0FEE                     	;# 
  1203     0FEF                     	;# 
  1204     0097                     _WDTCON	set	151
  1205     0098                     _OSCTUNE	set	152
  1206     0099                     _OSCCON	set	153
  1207     0095                     _OPTION_REGbits	set	149
  1208     008E                     _TRISC	set	142
  1209     008D                     _TRISB	set	141
  1210     008C                     _TRISA	set	140
  1211     0090                     _TRISE	set	144
  1212     010C                     _LATAbits	set	268
  1213     0116                     _BORCON	set	278
  1214     011D                     _APFCON	set	285
  1215     010E                     _LATC	set	270
  1216     010D                     _LATB	set	269
  1217     010C                     _LATA	set	268
  1218     0110                     _LATE	set	272
  1219     018C                     _ANSELA	set	396
  1220     018D                     _ANSELB	set	397
  1221     020D                     _WPUB	set	525
  1222     0210                     _WPUE	set	528
  1223                           
  1224                           	psect	cinit
  1225     07FD                     start_initialization:	
  1226                           ; #config settings
  1227                           
  1228     07FD                     __initialization:
  1229     07FD                     end_of_initialization:	
  1230                           ;End of C runtime variable initialization code
  1231                           
  1232     07FD                     __end_of__initialization:
  1233     07FD  0020               	movlb	0
  1234     07FE  3187  2FBA         	ljmp	_main	;jump to C main() function
  1235                           
  1236                           	psect	cstackCOMMON
  1237     0070                     __pcstackCOMMON:
  1238     0070                     ?_OSCILLATOR_Initialize:
  1239     0070                     ??_OSCILLATOR_Initialize:	
  1240                           ; 1 bytes @ 0x0
  1241                           
  1242     0070                     ?_WDT_Initialize:	
  1243                           ; 1 bytes @ 0x0
  1244                           
  1245     0070                     ??_WDT_Initialize:	
  1246                           ; 1 bytes @ 0x0
  1247                           
  1248     0070                     ?_PIN_MANAGER_Initialize:	
  1249                           ; 1 bytes @ 0x0
  1250                           
  1251     0070                     ??_PIN_MANAGER_Initialize:	
  1252                           ; 1 bytes @ 0x0
  1253                           
  1254     0070                     ?_SYSTEM_Initialize:	
  1255                           ; 1 bytes @ 0x0
  1256                           
  1257     0070                     ??_SYSTEM_Initialize:	
  1258                           ; 1 bytes @ 0x0
  1259                           
  1260     0070                     ?_main:	
  1261                           ; 1 bytes @ 0x0
  1262                           
  1263     0070                     ??_main:	
  1264                           ; 1 bytes @ 0x0
  1265                           
  1266                           
  1267                           ; 1 bytes @ 0x0
  1268     0070                     	ds	1
  1269     0071                     main@b:
  1270                           
  1271                           ; 2 bytes @ 0x1
  1272     0071                     	ds	2
  1273     0073                     main@i:
  1274                           
  1275                           ; 1 bytes @ 0x3
  1276     0073                     	ds	1
  1277     0074                     main@a:
  1278                           
  1279                           ; 2 bytes @ 0x4
  1280     0074                     	ds	2
  1281                           
  1282                           	psect	maintext
  1283     07BA                     __pmaintext:	
  1284 ;;
  1285 ;;Main: autosize = 0, tempsize = 1, incstack = 0, save=0
  1286 ;;
  1287 ;; *************** function _main *****************
  1288 ;; Defined at:
  1289 ;;		line 49 in file "main.c"
  1290 ;; Parameters:    Size  Location     Type
  1291 ;;		None
  1292 ;; Auto vars:     Size  Location     Type
  1293 ;;  i               1    3[COMMON] unsigned char 
  1294 ;;  a               2    4[COMMON] int 
  1295 ;;  b               2    1[COMMON] int 
  1296 ;; Return value:  Size  Location     Type
  1297 ;;                  1    wreg      void 
  1298 ;; Registers used:
  1299 ;;		wreg, status,2, status,0, pclath, cstack
  1300 ;; Tracked objects:
  1301 ;;		On entry : B1F/0
  1302 ;;		On exit  : 0/0
  1303 ;;		Unchanged: 0/0
  1304 ;; Data sizes:     COMMON   BANK0   BANK1   BANK2   BANK3   BANK4   BANK5   BANK6
  1305 ;;      Params:         0       0       0       0       0       0       0       0
  1306 ;;      Locals:         5       0       0       0       0       0       0       0
  1307 ;;      Temps:          1       0       0       0       0       0       0       0
  1308 ;;      Totals:         6       0       0       0       0       0       0       0
  1309 ;;Total ram usage:        6 bytes
  1310 ;; Hardware stack levels required when called: 2
  1311 ;; This function calls:
  1312 ;;		_SYSTEM_Initialize
  1313 ;; This function is called by:
  1314 ;;		Startup code after reset
  1315 ;; This function uses a non-reentrant model
  1316 ;;
  1317                           
  1318     07BA                     _main:	
  1319                           ;psect for function _main
  1320                           
  1321     07BA                     l727:	
  1322                           ;incstack = 0
  1323                           ; Regs used in _main: [wreg+status,2+status,0+pclath+cstack]
  1324                           
  1325                           
  1326                           ;main.c: 52:     SYSTEM_Initialize();
  1327     07BA  3187  2795  3187   	fcall	_SYSTEM_Initialize
  1328     07BD                     l729:
  1329                           
  1330                           ;main.c: 57:     {;main.c: 58:         b = 0x10;
  1331     07BD  3010               	movlw	16
  1332     07BE  00F1               	movwf	main@b
  1333     07BF  3000               	movlw	0
  1334     07C0  00F2               	movwf	main@b+1
  1335     07C1                     l731:
  1336     07C1  0022               	movlb	2	; select bank2
  1337     07C2  140C               	bsf	12,0	;volatile
  1338     07C3                     l733:
  1339                           
  1340                           ;main.c: 62:         for(a = 0; a < 0x10; a++) {
  1341     07C3  01F4               	clrf	main@a
  1342     07C4  01F5               	clrf	main@a+1
  1343     07C5                     l739:
  1344                           
  1345                           ;main.c: 63:             b--;
  1346     07C5  30FF               	movlw	255
  1347     07C6  07F1               	addwf	main@b,f
  1348     07C7  30FF               	movlw	255
  1349     07C8  3DF2               	addwfc	main@b+1,f
  1350                           
  1351                           ;main.c: 64:         }
  1352     07C9  3001               	movlw	1
  1353     07CA  07F4               	addwf	main@a,f
  1354     07CB  3000               	movlw	0
  1355     07CC  3DF5               	addwfc	main@a+1,f
  1356     07CD  0875               	movf	main@a+1,w
  1357     07CE  3A80               	xorlw	128
  1358     07CF  00F0               	movwf	??_main
  1359     07D0  3080               	movlw	128
  1360     07D1  0270               	subwf	??_main,w
  1361     07D2  1D03               	skipz
  1362     07D3  2FD6               	goto	u15
  1363     07D4  3010               	movlw	16
  1364     07D5  0274               	subwf	main@a,w
  1365     07D6                     u15:
  1366     07D6  1C03               	skipc
  1367     07D7  2FD9               	goto	u11
  1368     07D8  2FDA               	goto	u10
  1369     07D9                     u11:
  1370     07D9  2FC5               	goto	l739
  1371     07DA                     u10:
  1372     07DA                     l741:
  1373                           
  1374                           ;main.c: 67:         if (a == 0x10 && b == 0) {
  1375     07DA  3010               	movlw	16
  1376     07DB  0674               	xorwf	main@a,w
  1377     07DC  0475               	iorwf	main@a+1,w
  1378     07DD  1D03               	btfss	3,2
  1379     07DE  2FE0               	goto	u21
  1380     07DF  2FE1               	goto	u20
  1381     07E0                     u21:
  1382     07E0  2FEA               	goto	l75
  1383     07E1                     u20:
  1384     07E1                     l743:
  1385     07E1  0871               	movf	main@b,w
  1386     07E2  0472               	iorwf	main@b+1,w
  1387     07E3  1D03               	btfss	3,2
  1388     07E4  2FE6               	goto	u31
  1389     07E5  2FE7               	goto	u30
  1390     07E6                     u31:
  1391     07E6  2FEA               	goto	l75
  1392     07E7                     u30:
  1393     07E7                     l72:	
  1394                           ;main.c: 68:             do { LATAbits.LATA1 = 1; } while(0);
  1395                           
  1396     07E7  0022               	movlb	2	; select bank2
  1397     07E8  148C               	bsf	12,1	;volatile
  1398     07E9  2FEC               	goto	l77
  1399     07EA                     l75:	
  1400                           ;main.c: 70:             do { LATAbits.LATA2 = 1; } while(0);
  1401                           
  1402     07EA  0022               	movlb	2	; select bank2
  1403     07EB  150C               	bsf	12,2	;volatile
  1404     07EC                     l77:	
  1405                           ;main.c: 73:         do { LATAbits.LATA0 = 0; } while(0);
  1406                           
  1407     07EC  100C               	bcf	12,0	;volatile
  1408     07ED                     l745:
  1409                           
  1410                           ;main.c: 76:         for (uint8_t i = 0; i < 0xFF; i++);
  1411     07ED  01F3               	clrf	main@i
  1412     07EE                     l751:
  1413     07EE  3001               	movlw	1
  1414     07EF  00F0               	movwf	??_main
  1415     07F0  0870               	movf	??_main,w
  1416     07F1  07F3               	addwf	main@i,f
  1417     07F2  0A73               	incf	main@i,w
  1418     07F3  1D03               	btfss	3,2
  1419     07F4  2FF6               	goto	u41
  1420     07F5  2FF7               	goto	u40
  1421     07F6                     u41:
  1422     07F6  2FEE               	goto	l751
  1423     07F7                     u40:
  1424     07F7                     l81:	
  1425                           ;main.c: 79:         do { LATAbits.LATA1 = 0; } while(0);
  1426                           
  1427     07F7  0022               	movlb	2	; select bank2
  1428     07F8  108C               	bcf	12,1	;volatile
  1429     07F9                     l83:	
  1430                           ;main.c: 80:         do { LATAbits.LATA2 = 0; } while(0);
  1431                           
  1432     07F9  110C               	bcf	12,2	;volatile
  1433     07FA  2FBD               	goto	l729
  1434     07FB  3180  2802         	ljmp	start
  1435     07FD                     __end_of_main:
  1436                           
  1437                           	psect	text1
  1438     0795                     __ptext1:	
  1439 ;; *************** function _SYSTEM_Initialize *****************
  1440 ;; Defined at:
  1441 ;;		line 50 in file "mcc_generated_files/mcc.c"
  1442 ;; Parameters:    Size  Location     Type
  1443 ;;		None
  1444 ;; Auto vars:     Size  Location     Type
  1445 ;;		None
  1446 ;; Return value:  Size  Location     Type
  1447 ;;                  1    wreg      void 
  1448 ;; Registers used:
  1449 ;;		wreg, status,2, status,0, pclath, cstack
  1450 ;; Tracked objects:
  1451 ;;		On entry : 0/0
  1452 ;;		On exit  : 0/0
  1453 ;;		Unchanged: 0/0
  1454 ;; Data sizes:     COMMON   BANK0   BANK1   BANK2   BANK3   BANK4   BANK5   BANK6
  1455 ;;      Params:         0       0       0       0       0       0       0       0
  1456 ;;      Locals:         0       0       0       0       0       0       0       0
  1457 ;;      Temps:          0       0       0       0       0       0       0       0
  1458 ;;      Totals:         0       0       0       0       0       0       0       0
  1459 ;;Total ram usage:        0 bytes
  1460 ;; Hardware stack levels used: 1
  1461 ;; Hardware stack levels required when called: 1
  1462 ;; This function calls:
  1463 ;;		_OSCILLATOR_Initialize
  1464 ;;		_PIN_MANAGER_Initialize
  1465 ;;		_WDT_Initialize
  1466 ;; This function is called by:
  1467 ;;		_main
  1468 ;; This function uses a non-reentrant model
  1469 ;;
  1470                           
  1471     0795                     _SYSTEM_Initialize:	
  1472                           ;psect for function _SYSTEM_Initialize
  1473                           
  1474     0795                     l725:	
  1475                           ;incstack = 0
  1476                           ; Regs used in _SYSTEM_Initialize: [wreg+status,2+status,0+pclath+cstack]
  1477                           
  1478                           
  1479                           ;mcc_generated_files/mcc.c: 53:     PIN_MANAGER_Initialize();
  1480     0795  3187  279F  3187   	fcall	_PIN_MANAGER_Initialize
  1481                           
  1482                           ;mcc_generated_files/mcc.c: 54:     OSCILLATOR_Initialize();
  1483     0798  3187  278E  3187   	fcall	_OSCILLATOR_Initialize
  1484                           
  1485                           ;mcc_generated_files/mcc.c: 55:     WDT_Initialize();
  1486     079B  3187  278A  3187   	fcall	_WDT_Initialize
  1487     079E                     l51:
  1488     079E  0008               	return
  1489     079F                     __end_of_SYSTEM_Initialize:
  1490                           
  1491                           	psect	text2
  1492     078A                     __ptext2:	
  1493 ;; *************** function _WDT_Initialize *****************
  1494 ;; Defined at:
  1495 ;;		line 68 in file "mcc_generated_files/mcc.c"
  1496 ;; Parameters:    Size  Location     Type
  1497 ;;		None
  1498 ;; Auto vars:     Size  Location     Type
  1499 ;;		None
  1500 ;; Return value:  Size  Location     Type
  1501 ;;                  1    wreg      void 
  1502 ;; Registers used:
  1503 ;;		wreg
  1504 ;; Tracked objects:
  1505 ;;		On entry : 0/0
  1506 ;;		On exit  : 0/0
  1507 ;;		Unchanged: 0/0
  1508 ;; Data sizes:     COMMON   BANK0   BANK1   BANK2   BANK3   BANK4   BANK5   BANK6
  1509 ;;      Params:         0       0       0       0       0       0       0       0
  1510 ;;      Locals:         0       0       0       0       0       0       0       0
  1511 ;;      Temps:          0       0       0       0       0       0       0       0
  1512 ;;      Totals:         0       0       0       0       0       0       0       0
  1513 ;;Total ram usage:        0 bytes
  1514 ;; Hardware stack levels used: 1
  1515 ;; This function calls:
  1516 ;;		Nothing
  1517 ;; This function is called by:
  1518 ;;		_SYSTEM_Initialize
  1519 ;; This function uses a non-reentrant model
  1520 ;;
  1521                           
  1522     078A                     _WDT_Initialize:	
  1523                           ;psect for function _WDT_Initialize
  1524                           
  1525     078A                     l723:	
  1526                           ;incstack = 0
  1527                           ; Regs used in _WDT_Initialize: [wreg]
  1528                           
  1529                           
  1530                           ;mcc_generated_files/mcc.c: 71:     WDTCON = 0x16;
  1531     078A  3016               	movlw	22
  1532     078B  0021               	movlb	1	; select bank1
  1533     078C  0097               	movwf	23	;volatile
  1534     078D                     l57:
  1535     078D  0008               	return
  1536     078E                     __end_of_WDT_Initialize:
  1537                           
  1538                           	psect	text3
  1539     079F                     __ptext3:	
  1540 ;; *************** function _PIN_MANAGER_Initialize *****************
  1541 ;; Defined at:
  1542 ;;		line 55 in file "mcc_generated_files/pin_manager.c"
  1543 ;; Parameters:    Size  Location     Type
  1544 ;;		None
  1545 ;; Auto vars:     Size  Location     Type
  1546 ;;		None
  1547 ;; Return value:  Size  Location     Type
  1548 ;;                  1    wreg      void 
  1549 ;; Registers used:
  1550 ;;		wreg, status,2
  1551 ;; Tracked objects:
  1552 ;;		On entry : 0/0
  1553 ;;		On exit  : 0/0
  1554 ;;		Unchanged: 0/0
  1555 ;; Data sizes:     COMMON   BANK0   BANK1   BANK2   BANK3   BANK4   BANK5   BANK6
  1556 ;;      Params:         0       0       0       0       0       0       0       0
  1557 ;;      Locals:         0       0       0       0       0       0       0       0
  1558 ;;      Temps:          0       0       0       0       0       0       0       0
  1559 ;;      Totals:         0       0       0       0       0       0       0       0
  1560 ;;Total ram usage:        0 bytes
  1561 ;; Hardware stack levels used: 1
  1562 ;; This function calls:
  1563 ;;		Nothing
  1564 ;; This function is called by:
  1565 ;;		_SYSTEM_Initialize
  1566 ;; This function uses a non-reentrant model
  1567 ;;
  1568                           
  1569     079F                     _PIN_MANAGER_Initialize:	
  1570                           ;psect for function _PIN_MANAGER_Initialize
  1571                           
  1572     079F                     l701:	
  1573                           ;incstack = 0
  1574                           ; Regs used in _PIN_MANAGER_Initialize: [wreg+status,2]
  1575                           
  1576                           
  1577                           ;mcc_generated_files/pin_manager.c: 60:     LATE = 0x00;
  1578     079F  0022               	movlb	2	; select bank2
  1579     07A0  0190               	clrf	16	;volatile
  1580                           
  1581                           ;mcc_generated_files/pin_manager.c: 61:     LATA = 0x00;
  1582     07A1  018C               	clrf	12	;volatile
  1583                           
  1584                           ;mcc_generated_files/pin_manager.c: 62:     LATB = 0x00;
  1585     07A2  018D               	clrf	13	;volatile
  1586                           
  1587                           ;mcc_generated_files/pin_manager.c: 63:     LATC = 0x00;
  1588     07A3  018E               	clrf	14	;volatile
  1589     07A4                     l703:
  1590                           
  1591                           ;mcc_generated_files/pin_manager.c: 68:     TRISE = 0x08;
  1592     07A4  3008               	movlw	8
  1593     07A5  0021               	movlb	1	; select bank1
  1594     07A6  0090               	movwf	16	;volatile
  1595     07A7                     l705:
  1596                           
  1597                           ;mcc_generated_files/pin_manager.c: 69:     TRISA = 0xF8;
  1598     07A7  30F8               	movlw	248
  1599     07A8  008C               	movwf	12	;volatile
  1600     07A9                     l707:
  1601                           
  1602                           ;mcc_generated_files/pin_manager.c: 70:     TRISB = 0xFF;
  1603     07A9  30FF               	movlw	255
  1604     07AA  008D               	movwf	13	;volatile
  1605     07AB                     l709:
  1606                           
  1607                           ;mcc_generated_files/pin_manager.c: 71:     TRISC = 0xFF;
  1608     07AB  30FF               	movlw	255
  1609     07AC  008E               	movwf	14	;volatile
  1610     07AD                     l711:
  1611                           
  1612                           ;mcc_generated_files/pin_manager.c: 76:     ANSELB = 0x3F;
  1613     07AD  303F               	movlw	63
  1614     07AE  0023               	movlb	3	; select bank3
  1615     07AF  008D               	movwf	13	;volatile
  1616     07B0                     l713:
  1617                           
  1618                           ;mcc_generated_files/pin_manager.c: 77:     ANSELA = 0x3F;
  1619     07B0  303F               	movlw	63
  1620     07B1  008C               	movwf	12	;volatile
  1621                           
  1622                           ;mcc_generated_files/pin_manager.c: 82:     WPUE = 0x00;
  1623     07B2  0024               	movlb	4	; select bank4
  1624     07B3  0190               	clrf	16	;volatile
  1625                           
  1626                           ;mcc_generated_files/pin_manager.c: 83:     WPUB = 0x00;
  1627     07B4  018D               	clrf	13	;volatile
  1628     07B5                     l715:
  1629                           
  1630                           ;mcc_generated_files/pin_manager.c: 84:     OPTION_REGbits.nWPUEN = 1;
  1631     07B5  0021               	movlb	1	; select bank1
  1632     07B6  1795               	bsf	21,7	;volatile
  1633                           
  1634                           ;mcc_generated_files/pin_manager.c: 90:     APFCON = 0x00;
  1635     07B7  0022               	movlb	2	; select bank2
  1636     07B8  019D               	clrf	29	;volatile
  1637     07B9                     l31:
  1638     07B9  0008               	return
  1639     07BA                     __end_of_PIN_MANAGER_Initialize:
  1640                           
  1641                           	psect	text4
  1642     078E                     __ptext4:	
  1643 ;; *************** function _OSCILLATOR_Initialize *****************
  1644 ;; Defined at:
  1645 ;;		line 58 in file "mcc_generated_files/mcc.c"
  1646 ;; Parameters:    Size  Location     Type
  1647 ;;		None
  1648 ;; Auto vars:     Size  Location     Type
  1649 ;;		None
  1650 ;; Return value:  Size  Location     Type
  1651 ;;                  1    wreg      void 
  1652 ;; Registers used:
  1653 ;;		wreg, status,2
  1654 ;; Tracked objects:
  1655 ;;		On entry : 0/0
  1656 ;;		On exit  : 0/0
  1657 ;;		Unchanged: 0/0
  1658 ;; Data sizes:     COMMON   BANK0   BANK1   BANK2   BANK3   BANK4   BANK5   BANK6
  1659 ;;      Params:         0       0       0       0       0       0       0       0
  1660 ;;      Locals:         0       0       0       0       0       0       0       0
  1661 ;;      Temps:          0       0       0       0       0       0       0       0
  1662 ;;      Totals:         0       0       0       0       0       0       0       0
  1663 ;;Total ram usage:        0 bytes
  1664 ;; Hardware stack levels used: 1
  1665 ;; This function calls:
  1666 ;;		Nothing
  1667 ;; This function is called by:
  1668 ;;		_SYSTEM_Initialize
  1669 ;; This function uses a non-reentrant model
  1670 ;;
  1671                           
  1672     078E                     _OSCILLATOR_Initialize:	
  1673                           ;psect for function _OSCILLATOR_Initialize
  1674                           
  1675     078E                     l717:	
  1676                           ;incstack = 0
  1677                           ; Regs used in _OSCILLATOR_Initialize: [wreg+status,2]
  1678                           
  1679                           
  1680                           ;mcc_generated_files/mcc.c: 61:     OSCCON = 0x7A;
  1681     078E  307A               	movlw	122
  1682     078F  0021               	movlb	1	; select bank1
  1683     0790  0099               	movwf	25	;volatile
  1684     0791                     l719:
  1685                           
  1686                           ;mcc_generated_files/mcc.c: 63:     OSCTUNE = 0x00;
  1687     0791  0198               	clrf	24	;volatile
  1688     0792                     l721:
  1689                           
  1690                           ;mcc_generated_files/mcc.c: 65:     BORCON = 0x00;
  1691     0792  0022               	movlb	2	; select bank2
  1692     0793  0196               	clrf	22	;volatile
  1693     0794                     l54:
  1694     0794  0008               	return
  1695     0795                     __end_of_OSCILLATOR_Initialize:
  1696     007E                     btemp	set	126	;btemp
  1697     007E                     wtemp0	set	126
  1698                           
  1699                           	psect	config
  1700                           
  1701                           ;Config register CONFIG1 @ 0x8007
  1702                           ;	Oscillator Selection
  1703                           ;	FOSC = INTOSC, INTOSC oscillator: I/O function on CLKIN pin
  1704                           ;	Watchdog Timer Enable
  1705                           ;	WDTE = OFF, WDT disabled
  1706                           ;	Power-up Timer Enable
  1707                           ;	PWRTE = OFF, PWRT disabled
  1708                           ;	MCLR Pin Function Select
  1709                           ;	MCLRE = ON, MCLR/VPP pin function is MCLR
  1710                           ;	Flash Program Memory Code Protection
  1711                           ;	CP = OFF, Program memory code protection is disabled
  1712                           ;	Data Memory Code Protection
  1713                           ;	CPD = OFF, Data memory code protection is disabled
  1714                           ;	Brown-out Reset Enable
  1715                           ;	BOREN = ON, Brown-out Reset enabled
  1716                           ;	Clock Out Enable
  1717                           ;	CLKOUTEN = OFF, CLKOUT function is disabled. I/O or oscillator function on the CLKOUT 
      +                          pin
  1718                           ;	Internal/External Switchover
  1719                           ;	IESO = ON, Internal/External Switchover mode is enabled
  1720                           ;	Fail-Safe Clock Monitor Enable
  1721                           ;	FCMEN = ON, Fail-Safe Clock Monitor is enabled
  1722     8007                     	org	32775
  1723     8007  3FE4               	dw	16356
  1724                           
  1725                           ;Config register CONFIG2 @ 0x8008
  1726                           ;	Flash Memory Self-Write Protection
  1727                           ;	WRT = OFF, Write protection off
  1728                           ;	PLL Enable
  1729                           ;	PLLEN = OFF, 4x PLL disabled
  1730                           ;	Stack Overflow/Underflow Reset Enable
  1731                           ;	STVREN = ON, Stack Overflow or Underflow will cause a Reset
  1732                           ;	Brown-out Reset Voltage Selection
  1733                           ;	BORV = LO, Brown-out Reset Voltage (Vbor), low trip point selected.
  1734                           ;	Low-Voltage Programming Enable
  1735                           ;	LVP = ON, Low-voltage programming enabled
  1736     8008                     	org	32776
  1737     8008  3EFF               	dw	16127

Data Sizes:
    Strings     0
    Constant    0
    Data        0
    BSS         0
    Persistent  32
    Stack       0

Auto Spaces:
    Space          Size  Autos    Used
    COMMON           14      6       6
    BANK0            80      0       0
    BANK1            80      0       0
    BANK2            80      0       0
    BANK3            80      0       0
    BANK4            80      0       0
    BANK5            80      0       0
    BANK6            16      0       0

Pointer List with Targets:

    None.

Critical Paths under _main in COMMON

    None.

Critical Paths under _main in BANK0

    None.

Critical Paths under _main in BANK1

    None.

Critical Paths under _main in BANK2

    None.

Critical Paths under _main in BANK3

    None.

Critical Paths under _main in BANK4

    None.

Critical Paths under _main in BANK5

    None.

Critical Paths under _main in BANK6

    None.

Call Graph Tables:

 ---------------------------------------------------------------------------------
 (Depth) Function   	        Calls       Base Space   Used Autos Params    Refs
 ---------------------------------------------------------------------------------
 (0) _main                                                 6     6      0      90
                                              0 COMMON     6     6      0
                  _SYSTEM_Initialize
 ---------------------------------------------------------------------------------
 (1) _SYSTEM_Initialize                                    0     0      0       0
              _OSCILLATOR_Initialize
             _PIN_MANAGER_Initialize
                     _WDT_Initialize
 ---------------------------------------------------------------------------------
 (2) _WDT_Initialize                                       0     0      0       0
 ---------------------------------------------------------------------------------
 (2) _PIN_MANAGER_Initialize                               0     0      0       0
 ---------------------------------------------------------------------------------
 (2) _OSCILLATOR_Initialize                                0     0      0       0
 ---------------------------------------------------------------------------------
 Estimated maximum stack depth 2
 ---------------------------------------------------------------------------------

 Call Graph Graphs:

 _main (ROOT)
   _SYSTEM_Initialize
     _OSCILLATOR_Initialize
     _PIN_MANAGER_Initialize
     _WDT_Initialize

 Address spaces:
Name               Size   Autos  Total    Cost      Usage
BIGRAM             1F0      0       0       0        0.0%
EEDATA             100      0       0       0        0.0%
NULL                 0      0       0       0        0.0%
CODE                 0      0       0       0        0.0%
BITCOMMON            E      0       0       1        0.0%
BITSFR0              0      0       0       1        0.0%
SFR0                 0      0       0       1        0.0%
COMMON               E      6       6       2       42.9%
BITSFR1              0      0       0       2        0.0%
SFR1                 0      0       0       2        0.0%
BITSFR2              0      0       0       3        0.0%
SFR2                 0      0       0       3        0.0%
STACK                0      0       0       3        0.0%
BITSFR3              0      0       0       4        0.0%
SFR3                 0      0       0       4        0.0%
ABS                  0      0       0       4        0.0%
BITBANK0            50      0       0       5        0.0%
BITSFR4              0      0       0       5        0.0%
SFR4                 0      0       0       5        0.0%
BANK0               50      0       0       6        0.0%
BITSFR5              0      0       0       6        0.0%
SFR5                 0      0       0       6        0.0%
BITBANK1            50      0       0       7        0.0%
BITSFR6              0      0       0       7        0.0%
SFR6                 0      0       0       7        0.0%
BANK1               50      0       0       8        0.0%
BITSFR7              0      0       0       8        0.0%
SFR7                 0      0       0       8        0.0%
BITBANK2            50      0       0       9        0.0%
BITSFR8              0      0       0       9        0.0%
SFR8                 0      0       0       9        0.0%
BANK2               50      0       0      10        0.0%
BITSFR9              0      0       0      10        0.0%
SFR9                 0      0       0      10        0.0%
BITBANK3            50      0       0      11        0.0%
BITSFR10             0      0       0      11        0.0%
SFR10                0      0       0      11        0.0%
BANK3               50      0       0      12        0.0%
BITSFR11             0      0       0      12        0.0%
SFR11                0      0       0      12        0.0%
BITBANK4            50      0       0      13        0.0%
BITSFR12             0      0       0      13        0.0%
SFR12                0      0       0      13        0.0%
BANK4               50      0       0      14        0.0%
BITSFR13             0      0       0      14        0.0%
SFR13                0      0       0      14        0.0%
BITBANK5            50      0       0      15        0.0%
BITSFR14             0      0       0      15        0.0%
SFR14                0      0       0      15        0.0%
BANK5               50      0       0      16        0.0%
BITSFR15             0      0       0      16        0.0%
SFR15                0      0       0      16        0.0%
BITBANK6            10      0       0      17        0.0%
BITSFR16             0      0       0      17        0.0%
SFR16                0      0       0      17        0.0%
BANK6               10      0       0      18        0.0%
BITSFR17             0      0       0      18        0.0%
SFR17                0      0       0      18        0.0%
BITSFR18             0      0       0      19        0.0%
SFR18                0      0       0      19        0.0%
DATA                 0      0       0      19        0.0%
BITSFR19             0      0       0      20        0.0%
SFR19                0      0       0      20        0.0%
BITSFR20             0      0       0      21        0.0%
SFR20                0      0       0      21        0.0%
BITSFR21             0      0       0      22        0.0%
SFR21                0      0       0      22        0.0%
BITSFR22             0      0       0      23        0.0%
SFR22                0      0       0      23        0.0%
BITSFR23             0      0       0      24        0.0%
SFR23                0      0       0      24        0.0%
BITSFR24             0      0       0      25        0.0%
SFR24                0      0       0      25        0.0%
BITSFR25             0      0       0      26        0.0%
SFR25                0      0       0      26        0.0%
BITSFR26             0      0       0      27        0.0%
SFR26                0      0       0      27        0.0%
BITSFR27             0      0       0      28        0.0%
SFR27                0      0       0      28        0.0%
BITSFR28             0      0       0      29        0.0%
SFR28                0      0       0      29        0.0%
BITSFR29             0      0       0      30        0.0%
SFR29                0      0       0      30        0.0%
BITSFR30             0      0       0      31        0.0%
SFR30                0      0       0      31        0.0%
BITSFR31             0      0       0      32        0.0%
SFR31                0      0       0      32        0.0%


Microchip Technology PIC Macro Assembler V2.41 build 20230208172133 
Symbol Table                                                                                   Mon Jun 19 21:28:28 2023

                            l31 07B9                              l51 079E                              l54 0794  
                            l72 07E7                              l57 078D                              l81 07F7  
                            l83 07F9                              l75 07EA                              l77 07EC  
                            u10 07DA                              u11 07D9                              u20 07E1  
                            u21 07E0                              u30 07E7                              u31 07E6  
                            u15 07D6                              u40 07F7                              u41 07F6  
                           l701 079F                             l711 07AD                             l703 07A4  
                           l721 0792                             l713 07B0                             l705 07A7  
                           l715 07B5                             l707 07A9                             l723 078A  
                           l731 07C1                             l717 078E                             l709 07AB  
                           l725 0795                             l741 07DA                             l733 07C3  
                           l719 0791                             l751 07EE                             l743 07E1  
                           l727 07BA                             l745 07ED                             l729 07BD  
                           l739 07C5                            _LATA 010C                            _LATB 010D  
                          _LATC 010E                            _LATE 0110                            _WPUB 020D  
                          _WPUE 0210                            _main 07BA                            btemp 007E  
                          start 0002   __end_of_OSCILLATOR_Initialize 0795                           ?_main 0070  
                         _TRISA 008C                           _TRISB 008D                           _TRISC 008E  
                         _TRISE 0090                  _WDT_Initialize 078A                           main@a 0074  
                         main@b 0071                           main@i 0073                           status 0003  
                         wtemp0 007E                 __initialization 07FD                    __end_of_main 07FD  
                        ??_main 0070          __end_of_WDT_Initialize 078E                          _APFCON 011D  
                        _ANSELA 018C                          _ANSELB 018D                          _BORCON 0116  
                        _OSCCON 0099                          _WDTCON 0097                 ?_WDT_Initialize 0070  
             _SYSTEM_Initialize 0795         __end_of__initialization 07FD              ?_SYSTEM_Initialize 0070  
                __pcstackCOMMON 0070             ??_SYSTEM_Initialize 0070                  _OPTION_REGbits 0095  
     __end_of_SYSTEM_Initialize 079F                      __pmaintext 07BA                         _OSCTUNE 0098  
                       __ptext1 0795                         __ptext2 078A                         __ptext3 079F  
                       __ptext4 078E           _OSCILLATOR_Initialize 078E        ??_PIN_MANAGER_Initialize 0070  
          end_of_initialization 07FD                ??_WDT_Initialize 0070          ?_OSCILLATOR_Initialize 0070  
           start_initialization 07FD                       ___latbits 0002          _PIN_MANAGER_Initialize 079F  
                      _LATAbits 010C         ??_OSCILLATOR_Initialize 0070         ?_PIN_MANAGER_Initialize 0070  
__end_of_PIN_MANAGER_Initialize 07BA  
